{"stats": {"errors": 0, "failures": 2, "passes": 22, "skipped": 0, "encoding": "UTF-8", "total": 24}, "results": [{"classname": "index_test:TestDistance", "name": "test_add_markers", "time": 16.60701894760132, "type": "success"}, {"classname": "index_test:TestDistance", "name": "test_distance_all", "time": 0.0001957416534423828, "type": "success"}, {"classname": "index_test:TestDistance", "name": "test_distance_between_neighbors", "time": 0.000110626220703125, "type": "success"}, {"classname": "index_test:TestDistance", "name": "test_distance_location", "time": 0.00010633468627929688, "type": "success"}, {"classname": "index_test:TestDistance", "name": "test_location", "time": 0.00010609626770019531, "type": "success"}, {"classname": "index_test:TestDistance", "name": "test_map_from", "time": 0.03360891342163086, "type": "success"}, {"classname": "index_test:TestDistance", "name": "test_markers_from_trips", "time": 8.341377973556519, "type": "failure", "errtype": "builtins.AssertionError", "message": "Lists differ: [[40.[86 chars]1049], [40.762912, -73.967782], [40.731176, -7[24233 chars]763]] != [[40.[86 chars]1049]]\n\nFirst list contains 996 additional elements.\nFirst extra element 4:\n[40.762912, -73.967782]\n\nDiff is 27461 characters long. Set self.maxDiff to None to see it.", "tb": "Traceback (most recent call last):\n  File \"/opt/conda/lib/python3.6/unittest/case.py\", line 59, in testPartExecutor\n    yield\n  File \"/opt/conda/lib/python3.6/unittest/case.py\", line 605, in run\n    testMethod()\n  File \"/home/Adomkay/nearest-neighbors-lab-data-science-intro-000/test/index_test.py\", line 44, in test_markers_from_trips\n    self.assertEqual(locations, trip_markers)\n  File \"/opt/conda/lib/python3.6/unittest/case.py\", line 829, in assertEqual\n    assertion_func(first, second, msg=msg)\n  File \"/opt/conda/lib/python3.6/unittest/case.py\", line 1028, in assertListEqual\n    self.assertSequenceEqual(list1, list2, msg, seq_type=list)\n  File \"/opt/conda/lib/python3.6/unittest/case.py\", line 1010, in assertSequenceEqual\n    self.fail(msg)\n  File \"/opt/conda/lib/python3.6/unittest/case.py\", line 670, in fail\n    raise self.failureException(msg)\nAssertionError: Lists differ: [[40.[86 chars]1049], [40.762912, -73.967782], [40.731176, -7[24233 chars]763]] != [[40.[86 chars]1049]]\n\nFirst list contains 996 additional elements.\nFirst extra element 4:\n[40.762912, -73.967782]\n\nDiff is 27461 characters long. Set self.maxDiff to None to see it.\n"}, {"classname": "index_test:TestDistance", "name": "test_nearest_neighbors", "time": 0.00016450881958007812, "type": "success"}, {"classname": "index_test:TestDistance", "name": "test_parse_trips_has_lat_and_longitude", "time": 0.0013380050659179688, "type": "success"}, {"classname": "index_test:TestDistance", "name": "test_parse_trips_returns_attributes_of_lat_long_and_distance", "time": 0.0013115406036376953, "type": "success"}, {"classname": "index_test:TestDistance", "name": "test_parse_trips_returns_entry_for_each_trip", "time": 0.0006854534149169922, "type": "success"}, {"classname": "index_test:TestDistance", "name": "test_to_marker", "time": 0.0095367431640625, "type": "success"}, {"classname": "test_test:TestDistance", "name": "test_add_markers", "time": 16.767529249191284, "type": "success"}, {"classname": "test_test:TestDistance", "name": "test_distance_all", "time": 0.00016927719116210938, "type": "success"}, {"classname": "test_test:TestDistance", "name": "test_distance_between_neighbors", "time": 7.2479248046875e-05, "type": "success"}, {"classname": "test_test:TestDistance", "name": "test_distance_location", "time": 6.151199340820312e-05, "type": "success"}, {"classname": "test_test:TestDistance", "name": "test_location", "time": 6.890296936035156e-05, "type": "success"}, {"classname": "test_test:TestDistance", "name": "test_map_from", "time": 0.033017635345458984, "type": "success"}, {"classname": "test_test:TestDistance", "name": "test_markers_from_trips", "time": 7.624936819076538, "type": "failure", "errtype": "builtins.AssertionError", "message": "Lists differ: [[40.[86 chars]1049], [40.762912, -73.967782], [40.731176, -7[24233 chars]763]] != [[40.[86 chars]1049]]\n\nFirst list contains 996 additional elements.\nFirst extra element 4:\n[40.762912, -73.967782]\n\nDiff is 27461 characters long. Set self.maxDiff to None to see it.", "tb": "Traceback (most recent call last):\n  File \"/opt/conda/lib/python3.6/unittest/case.py\", line 59, in testPartExecutor\n    yield\n  File \"/opt/conda/lib/python3.6/unittest/case.py\", line 605, in run\n    testMethod()\n  File \"/home/Adomkay/nearest-neighbors-lab-data-science-intro-000/test_test.py\", line 44, in test_markers_from_trips\n    self.assertEqual(locations, trip_markers)\n  File \"/opt/conda/lib/python3.6/unittest/case.py\", line 829, in assertEqual\n    assertion_func(first, second, msg=msg)\n  File \"/opt/conda/lib/python3.6/unittest/case.py\", line 1028, in assertListEqual\n    self.assertSequenceEqual(list1, list2, msg, seq_type=list)\n  File \"/opt/conda/lib/python3.6/unittest/case.py\", line 1010, in assertSequenceEqual\n    self.fail(msg)\n  File \"/opt/conda/lib/python3.6/unittest/case.py\", line 670, in fail\n    raise self.failureException(msg)\nAssertionError: Lists differ: [[40.[86 chars]1049], [40.762912, -73.967782], [40.731176, -7[24233 chars]763]] != [[40.[86 chars]1049]]\n\nFirst list contains 996 additional elements.\nFirst extra element 4:\n[40.762912, -73.967782]\n\nDiff is 27461 characters long. Set self.maxDiff to None to see it.\n"}, {"classname": "test_test:TestDistance", "name": "test_nearest_neighbors", "time": 0.0001633167266845703, "type": "success"}, {"classname": "test_test:TestDistance", "name": "test_parse_trips_has_lat_and_longitude", "time": 0.001230478286743164, "type": "success"}, {"classname": "test_test:TestDistance", "name": "test_parse_trips_returns_attributes_of_lat_long_and_distance", "time": 0.0012047290802001953, "type": "success"}, {"classname": "test_test:TestDistance", "name": "test_parse_trips_returns_entry_for_each_trip", "time": 0.00069427490234375, "type": "success"}, {"classname": "test_test:TestDistance", "name": "test_to_marker", "time": 0.007967472076416016, "type": "success"}]}